<?xml version="1.0" encoding="UTF-8"?>
<testsuite name="joinProgramme.Exeptional scenarios" tests="3" failures="1" errors="0" time="2.98"><properties><property name="gopherProxySet" value="false"/><property name="awt.toolkit" value="sun.lwawt.macosx.LWCToolkit"/><property name="java.specification.version" value="9"/><property name="file.encoding.pkg" value="sun.io"/><property name="sun.cpu.isalist" value=""/><property name="sun.jnu.encoding" value="UTF-8"/><property name="java.class.path" value="/Users/Shared/Jenkins/Home/tools/hudson.tasks.Maven_MavenInstallation/Maven/boot/plexus-classworlds-2.5.2.jar"/><property name="sun.awt.enableExtraMouseButtons" value="true"/><property name="java.vm.vendor" value="Oracle Corporation"/><property name="sun.arch.data.model" value="64"/><property name="sun.font.fontmanager" value="sun.font.CFontManager"/><property name="java.vendor.url" value="http://java.oracle.com/"/><property name="user.timezone" value="Europe/Vilnius"/><property name="maven.conf" value="/Users/Shared/Jenkins/Home/tools/hudson.tasks.Maven_MavenInstallation/Maven/conf"/><property name="os.name" value="Mac OS X"/><property name="java.vm.specification.version" value="9"/><property name="sun.java.launcher" value="SUN_STANDARD"/><property name="user.country" value="US"/><property name="sun.boot.library.path" value="/Users/Shared/Jenkins/Home/tools/hudson.model.JDK/JDK/lib"/><property name="sun.java.command" value="org.codehaus.plexus.classworlds.launcher.Launcher clean test"/><property name="jdk.debug" value="release"/><property name="maven.home" value="/Users/Shared/Jenkins/Home/tools/hudson.tasks.Maven_MavenInstallation/Maven"/><property name="sun.cpu.endian" value="little"/><property name="user.home" value="/Users/Shared/Jenkins"/><property name="user.language" value="en"/><property name="java.specification.vendor" value="Oracle Corporation"/><property name="java.home" value="/Users/Shared/Jenkins/Home/tools/hudson.model.JDK/JDK"/><property name="file.separator" value="/"/><property name="java.vm.compressedOopsMode" value="Zero based"/><property name="line.separator" value="
"/><property name="java.specification.name" value="Java Platform API Specification"/><property name="java.vm.specification.vendor" value="Oracle Corporation"/><property name="java.awt.graphicsenv" value="sun.awt.CGraphicsEnvironment"/><property name="java.awt.headless" value="true"/><property name="sun.management.compiler" value="HotSpot 64-Bit Tiered Compilers"/><property name="java.runtime.version" value="9.0.1+11"/><property name="user.name" value="jenkins"/><property name="path.separator" value=":"/><property name="os.version" value="10.13.2"/><property name="java.runtime.name" value="Java(TM) SE Runtime Environment"/><property name="file.encoding" value="UTF-8"/><property name="guice.disable.misplaced.annotation.check" value="true"/><property name="java.vm.name" value="Java HotSpot(TM) 64-Bit Server VM"/><property name="java.vendor.url.bug" value="http://bugreport.java.com/bugreport/"/><property name="java.io.tmpdir" value="/var/folders/nn/lsj03f1s49z74v_wr_mznn5r00008b/T/"/><property name="java.version" value="9.0.1"/><property name="user.dir" value="/Users/Shared/Jenkins/Home/workspace/SoapUI_tests/bin"/><property name="os.arch" value="x86_64"/><property name="maven.multiModuleProjectDirectory" value="/Users/Shared/Jenkins/Home/workspace/SoapUI_tests/bin"/><property name="java.vm.specification.name" value="Java Virtual Machine Specification"/><property name="java.awt.printerjob" value="sun.lwawt.macosx.CPrinterJob"/><property name="sun.os.patch.level" value="unknown"/><property name="java.library.path" value="/Users/Shared/Jenkins/Library/Java/Extensions:/Library/Java/Extensions:/Network/Library/Java/Extensions:/System/Library/Java/Extensions:/usr/lib/java:."/><property name="java.vm.info" value="mixed mode"/><property name="java.vendor" value="Oracle Corporation"/><property name="java.vm.version" value="9.0.1+11"/><property name="classworlds.conf" value="/Users/Shared/Jenkins/Home/tools/hudson.tasks.Maven_MavenInstallation/Maven/bin/m2.conf"/><property name="sun.io.unicode.encoding" value="UnicodeBig"/><property name="library.jansi.path" value="/Users/Shared/Jenkins/Home/tools/hudson.tasks.Maven_MavenInstallation/Maven/lib/jansi-native"/><property name="java.class.version" value="53.0"/></properties><testcase name="MemberCreationMinimalData1" time="1.051"><failure type="Failing due to failed test step" message="Failing due to failed test step"><![CDATA[<h3><b>MemberCreationMinimalData Failed</b></h3><pre>[familyName] XPathContains comparison failed for path [//*:member[1]/*:person[1]/*:name[1]/*:familyName[1]], expecting [HAREs], actual was [HARE]
</pre><hr/>]]></failure></testcase><testcase name="Copy of MemberCreationMinimalData2" time="1.051"/><testcase name="Copy of Copy of MemberCreationMinimalData3" time="0.878"/></testsuite>